Using pre-set license
Built from '2020.3/staging' branch; Version is '2020.3.30f1 (1fb1bf06830e) revision 2077119'; Using compiler version '192528614'; Build Type 'Release'
OS: 'Windows 10  (10.0.19043) 64bit CoreSingleLanguage' Language: 'tr' Physical Memory: 8079 MB
BatchMode: 1, IsHumanControllingUs: 0, StartBugReporterOnCrash: 0, Is64bit: 1, IsPro: 0

COMMAND LINE ARGUMENTS:
C:\Program Files\Unity\Hub\Editor\2020.3.30f1\Editor\Unity.exe
-adb2
-batchMode
-noUpm
-name
AssetImportWorker0
-projectPath
C:/Users/hp/Desktop/Underwater/Underwater
-logFile
Logs/AssetImportWorker0.log
-srvPort
60263
Successfully changed project path to: C:/Users/hp/Desktop/Underwater/Underwater
C:/Users/hp/Desktop/Underwater/Underwater
Using Asset Import Pipeline V2.
Refreshing native plugins compatible for Editor in 97.89 ms, found 5 plugins.
Preloading 0 native plugins for Editor in 0.00 ms.
Initialize engine version: 2020.3.30f1 (1fb1bf06830e)
[Subsystems] Discovering subsystems at path C:/Program Files/Unity/Hub/Editor/2020.3.30f1/Editor/Data/Resources/UnitySubsystems
[Subsystems] Discovering subsystems at path C:/Users/hp/Desktop/Underwater/Underwater/Assets
GfxDevice: creating device client; threaded=0
Direct3D:
    Version:  Direct3D 11.0 [level 11.1]
    Renderer: NVIDIA GeForce MX250 (ID=0x1d13)
    Vendor:   
    VRAM:     1983 MB
    Driver:   30.0.14.9733
Shader 'Distant Lands/Stylized Terrain First Pass': dependency 'BaseMapShader' shader 'Distant Lands/Stylized Terrain' not found
Shader 'Nature/Terrain/StylizedTerrain': dependency 'BaseMapShader' shader 'ASESampleShaders/SimpleTerrainBase' not found
Shader 'Nature/Terrain/StylizedTerrain': dependency 'AddPassShader' shader 'ASESampleShaders/Terrain/SimpleTerrainAddPass' not found
Initialize mono
Mono path[0] = 'C:/Program Files/Unity/Hub/Editor/2020.3.30f1/Editor/Data/Managed'
Mono path[1] = 'C:/Program Files/Unity/Hub/Editor/2020.3.30f1/Editor/Data/MonoBleedingEdge/lib/mono/unityjit'
Mono config path = 'C:/Program Files/Unity/Hub/Editor/2020.3.30f1/Editor/Data/MonoBleedingEdge/etc'
Using monoOptions --debugger-agent=transport=dt_socket,embedding=1,server=y,suspend=n,address=127.0.0.1:56760
Begin MonoManager ReloadAssembly
Registering precompiled unity dll's ...
Register platform support module: C:/Program Files/Unity/Hub/Editor/2020.3.30f1/Editor/Data/PlaybackEngines/WindowsStandaloneSupport/UnityEditor.WindowsStandalone.Extensions.dll
Registered in 0.004256 seconds.
Native extension for WindowsStandalone target not found
Refreshing native plugins compatible for Editor in 125.60 ms, found 5 plugins.
Preloading 0 native plugins for Editor in 0.00 ms.
Mono: successfully reloaded assembly
- Completed reload, in  1.004 seconds
Domain Reload Profiling:
	ReloadAssembly (1004ms)
		BeginReloadAssembly (106ms)
			ExecutionOrderSort (0ms)
			DisableScriptedObjects (0ms)
			BackupInstance (0ms)
			ReleaseScriptingObjects (0ms)
			CreateAndSetChildDomain (1ms)
		EndReloadAssembly (792ms)
			LoadAssemblies (103ms)
			RebuildTransferFunctionScriptingTraits (0ms)
			SetupTypeCache (217ms)
			ReleaseScriptCaches (0ms)
			RebuildScriptCaches (43ms)
			SetupLoadedEditorAssemblies (382ms)
				LogAssemblyErrors (0ms)
				InitializePlatformSupportModulesInManaged (6ms)
				SetLoadedEditorAssemblies (0ms)
				RefreshPlugins (126ms)
				BeforeProcessingInitializeOnLoad (37ms)
				ProcessInitializeOnLoadAttributes (155ms)
				ProcessInitializeOnLoadMethodAttributes (58ms)
				AfterProcessingInitializeOnLoad (0ms)
				EditorAssembliesLoaded (0ms)
			ExecutionOrderSort2 (0ms)
			AwakeInstancesAfterBackupRestoration (0ms)
Platform modules already initialized, skipping
Registering precompiled user dll's ...
Registered in 0.017026 seconds.
Begin MonoManager ReloadAssembly
Native extension for WindowsStandalone target not found
Refreshing native plugins compatible for Editor in 154.02 ms, found 5 plugins.
Preloading 0 native plugins for Editor in 0.00 ms.
Mono: successfully reloaded assembly
- Completed reload, in  2.354 seconds
Domain Reload Profiling:
	ReloadAssembly (2355ms)
		BeginReloadAssembly (290ms)
			ExecutionOrderSort (0ms)
			DisableScriptedObjects (8ms)
			BackupInstance (0ms)
			ReleaseScriptingObjects (0ms)
			CreateAndSetChildDomain (29ms)
		EndReloadAssembly (1973ms)
			LoadAssemblies (194ms)
			RebuildTransferFunctionScriptingTraits (0ms)
			SetupTypeCache (551ms)
			ReleaseScriptCaches (1ms)
			RebuildScriptCaches (94ms)
			SetupLoadedEditorAssemblies (929ms)
				LogAssemblyErrors (0ms)
				InitializePlatformSupportModulesInManaged (7ms)
				SetLoadedEditorAssemblies (1ms)
				RefreshPlugins (154ms)
				BeforeProcessingInitializeOnLoad (269ms)
				ProcessInitializeOnLoadAttributes (458ms)
				ProcessInitializeOnLoadMethodAttributes (22ms)
				AfterProcessingInitializeOnLoad (17ms)
				EditorAssembliesLoaded (1ms)
			ExecutionOrderSort2 (0ms)
			AwakeInstancesAfterBackupRestoration (17ms)
Platform modules already initialized, skipping
========================================================================
Worker process is ready to serve import requests
Shader 'Nature/Terrain/StylizedTerrain': dependency 'BaseMapShader' shader 'ASESampleShaders/SimpleTerrainBase' not found
Shader 'Nature/Terrain/StylizedTerrain': dependency 'AddPassShader' shader 'ASESampleShaders/Terrain/SimpleTerrainAddPass' not found
Shader 'Distant Lands/Stylized Terrain First Pass': dependency 'BaseMapShader' shader 'Distant Lands/Stylized Terrain' not found
Launched and connected shader compiler UnityShaderCompiler.exe after 0.08 seconds
Refreshing native plugins compatible for Editor in 5.90 ms, found 5 plugins.
Preloading 0 native plugins for Editor in 0.00 ms.
Unloading 3468 Unused Serialized files (Serialized files now loaded: 0)
System memory in use before: 173.9 MB.
System memory in use after: 174.1 MB.

Unloading 27 unused Assets to reduce memory usage. Loaded Objects now: 3932.
Total: 14.593900 ms (FindLiveObjects: 0.867600 ms CreateObjectMapping: 0.703600 ms MarkObjects: 12.424200 ms  DeleteObjects: 0.593900 ms)

AssetImportParameters requested are different than current active one (requested -> active):
  custom:framework-win-MediaFoundation: 216162199b28c13a410421893ffa2e32 -> 
  custom:video-decoder-ogg-theora: a1e56fd34408186e4bbccfd4996cb3dc -> 
  custom:container-muxer-webm: aa71ff27fc2769a1b78a27578f13a17b -> 
  custom:container-demuxer-webm: 4f35f7cbe854078d1ac9338744f61a02 -> 
  custom:container-demuxer-ogg: 62fdf1f143b41e24485cea50d1cbac27 -> 
  custom:video-encoder-webm-vp8: eb34c28f22e8b96e1ab97ce403110664 -> 
  custom:video-decoder-webm-vp8: 9c59270c3fd7afecdb556c50c9e8de78 -> 
  custom:audio-decoder-ogg-vorbis: bf7c407c2cedff20999df2af8eb42d56 -> 
  custom:audio-encoder-webm-vorbis: bf7c407c2cedff20999df2af8eb42d56 -> 
========================================================================
Received Import Request.
  path: Assets/Scripts/Enemy/Enemy.cs
  artifactKey: Guid(c728600a2517f0145a2c52de2854117c) Importer(815301076,1909f56bfc062723c751e8b465ee728b)
Start importing Assets/Scripts/Enemy/Enemy.cs using Guid(c728600a2517f0145a2c52de2854117c) Importer(815301076,1909f56bfc062723c751e8b465ee728b)  -> (artifact id: '7a26b32bde930ec274e84171089c2cea') in 0.127677 seconds 
========================================================================
Received Import Request.
  Time since last request: 50.402183 seconds.
  path: Assets/Distant Lands/Thalassophobia - Low Poly Oceans/PostFX
  artifactKey: Guid(4ad5d2057ebbab24c965d7c9a44e4abb) Importer(815301076,1909f56bfc062723c751e8b465ee728b)
Start importing Assets/Distant Lands/Thalassophobia - Low Poly Oceans/PostFX using Guid(4ad5d2057ebbab24c965d7c9a44e4abb) Importer(815301076,1909f56bfc062723c751e8b465ee728b)  -> (artifact id: '5df8152f896f874e4894cebe5fd6d96b') in 0.009630 seconds 
========================================================================
Received Prepare
Registering precompiled user dll's ...
Registered in 0.016044 seconds.
Begin MonoManager ReloadAssembly
Native extension for WindowsStandalone target not found
Refreshing native plugins compatible for Editor in 1.78 ms, found 5 plugins.
Preloading 0 native plugins for Editor in 0.00 ms.
Mono: successfully reloaded assembly
- Completed reload, in  3.545 seconds
Domain Reload Profiling:
	ReloadAssembly (3546ms)
		BeginReloadAssembly (354ms)
			ExecutionOrderSort (0ms)
			DisableScriptedObjects (14ms)
			BackupInstance (0ms)
			ReleaseScriptingObjects (0ms)
			CreateAndSetChildDomain (102ms)
		EndReloadAssembly (3001ms)
			LoadAssemblies (336ms)
			RebuildTransferFunctionScriptingTraits (0ms)
			SetupTypeCache (984ms)
			ReleaseScriptCaches (3ms)
			RebuildScriptCaches (143ms)
			SetupLoadedEditorAssemblies (1186ms)
				LogAssemblyErrors (0ms)
				InitializePlatformSupportModulesInManaged (12ms)
				SetLoadedEditorAssemblies (1ms)
				RefreshPlugins (2ms)
				BeforeProcessingInitializeOnLoad (289ms)
				ProcessInitializeOnLoadAttributes (816ms)
				ProcessInitializeOnLoadMethodAttributes (34ms)
				AfterProcessingInitializeOnLoad (31ms)
				EditorAssembliesLoaded (1ms)
			ExecutionOrderSort2 (0ms)
			AwakeInstancesAfterBackupRestoration (37ms)
Platform modules already initialized, skipping
Shader 'Nature/Terrain/StylizedTerrain': dependency 'BaseMapShader' shader 'ASESampleShaders/SimpleTerrainBase' not found
Shader 'Nature/Terrain/StylizedTerrain': dependency 'AddPassShader' shader 'ASESampleShaders/Terrain/SimpleTerrainAddPass' not found
Shader 'Distant Lands/Stylized Terrain First Pass': dependency 'BaseMapShader' shader 'Distant Lands/Stylized Terrain' not found
Refreshing native plugins compatible for Editor in 1.72 ms, found 5 plugins.
Preloading 0 native plugins for Editor in 0.00 ms.
Unloading 3349 Unused Serialized files (Serialized files now loaded: 0)
System memory in use before: 162.5 MB.
System memory in use after: 162.7 MB.

Unloading 22 unused Assets to reduce memory usage. Loaded Objects now: 3934.
Total: 11.846100 ms (FindLiveObjects: 0.678700 ms CreateObjectMapping: 0.517600 ms MarkObjects: 10.598700 ms  DeleteObjects: 0.048700 ms)

AssetImportParameters requested are different than current active one (requested -> active):
  custom:framework-win-MediaFoundation: 216162199b28c13a410421893ffa2e32 -> 
  custom:video-decoder-ogg-theora: a1e56fd34408186e4bbccfd4996cb3dc -> 
  custom:container-muxer-webm: aa71ff27fc2769a1b78a27578f13a17b -> 
  custom:container-demuxer-webm: 4f35f7cbe854078d1ac9338744f61a02 -> 
  custom:container-demuxer-ogg: 62fdf1f143b41e24485cea50d1cbac27 -> 
  custom:video-encoder-webm-vp8: eb34c28f22e8b96e1ab97ce403110664 -> 
  custom:video-decoder-webm-vp8: 9c59270c3fd7afecdb556c50c9e8de78 -> 
  custom:audio-decoder-ogg-vorbis: bf7c407c2cedff20999df2af8eb42d56 -> 
  custom:audio-encoder-webm-vorbis: bf7c407c2cedff20999df2af8eb42d56 -> 
========================================================================
Received Import Request.
  Time since last request: 414.293147 seconds.
  path: Assets/Distant Lands/Thalassophobia - Low Poly Oceans/Scenes/Terrain
  artifactKey: Guid(ac9ae907a26b6ed4ba36ad88f02e8b47) Importer(815301076,1909f56bfc062723c751e8b465ee728b)
Start importing Assets/Distant Lands/Thalassophobia - Low Poly Oceans/Scenes/Terrain using Guid(ac9ae907a26b6ed4ba36ad88f02e8b47) Importer(815301076,1909f56bfc062723c751e8b465ee728b)  -> (artifact id: 'd87aa924d5c6502edec606f68e1d2692') in 0.015505 seconds 
========================================================================
Received Import Request.
  Time since last request: 5.295113 seconds.
  path: Assets/Distant Lands/Thalassophobia - Low Poly Oceans/Scenes/Terrain/Stylized Blue Coral.terrainlayer
  artifactKey: Guid(4b531a0a8f6c76944a6fa24dd8b624b1) Importer(815301076,1909f56bfc062723c751e8b465ee728b)
Start importing Assets/Distant Lands/Thalassophobia - Low Poly Oceans/Scenes/Terrain/Stylized Blue Coral.terrainlayer using Guid(4b531a0a8f6c76944a6fa24dd8b624b1) Importer(815301076,1909f56bfc062723c751e8b465ee728b)  -> (artifact id: '674308d44a46b1c5fd1eadccf3ec1d8e') in 0.094756 seconds 
========================================================================
Received Import Request.
  Time since last request: 0.000334 seconds.
  path: Assets/Distant Lands/Thalassophobia - Low Poly Oceans/Contents/Materials/Textures/Terrain/Tex5.png
  artifactKey: Guid(fb3b939135fe67e44bd8e224dac9e877) Importer(815301076,1909f56bfc062723c751e8b465ee728b)
Start importing Assets/Distant Lands/Thalassophobia - Low Poly Oceans/Contents/Materials/Textures/Terrain/Tex5.png using Guid(fb3b939135fe67e44bd8e224dac9e877) Importer(815301076,1909f56bfc062723c751e8b465ee728b)  -> (artifact id: 'd258adb025ba4ae9a7f02a99c977d68d') in 0.045567 seconds 
========================================================================
Received Import Request.
  Time since last request: 2.452815 seconds.
  path: Assets/Distant Lands/Thalassophobia - Low Poly Oceans/Scenes/Terrain/New Terrain 6.asset
  artifactKey: Guid(5ce1b39f541ea33479f8c431dadffcf8) Importer(815301076,1909f56bfc062723c751e8b465ee728b)
Start importing Assets/Distant Lands/Thalassophobia - Low Poly Oceans/Scenes/Terrain/New Terrain 6.asset using Guid(5ce1b39f541ea33479f8c431dadffcf8) Importer(815301076,1909f56bfc062723c751e8b465ee728b)  -> (artifact id: 'dc6a99c116df9bcf7f3bc57a9489133c') in 0.046041 seconds 
========================================================================
Received Import Request.
  Time since last request: 1.012360 seconds.
  path: Assets/Distant Lands/Thalassophobia - Low Poly Oceans/Scenes/Terrain/New Terrain 1.asset
  artifactKey: Guid(0fc67d6c8c1eb16468007af5e371df43) Importer(815301076,1909f56bfc062723c751e8b465ee728b)
Start importing Assets/Distant Lands/Thalassophobia - Low Poly Oceans/Scenes/Terrain/New Terrain 1.asset using Guid(0fc67d6c8c1eb16468007af5e371df43) Importer(815301076,1909f56bfc062723c751e8b465ee728b)  -> (artifact id: 'c214b66a4a4f3e6b8edc8a277fdf0e1b') in 0.035662 seconds 
========================================================================
Received Import Request.
  Time since last request: 1.903287 seconds.
  path: Assets/Distant Lands/Thalassophobia - Low Poly Oceans/Scenes/Terrain/New Terrain 2.asset
  artifactKey: Guid(683a91e71bc50be4ba38409869135b81) Importer(815301076,1909f56bfc062723c751e8b465ee728b)
Start importing Assets/Distant Lands/Thalassophobia - Low Poly Oceans/Scenes/Terrain/New Terrain 2.asset using Guid(683a91e71bc50be4ba38409869135b81) Importer(815301076,1909f56bfc062723c751e8b465ee728b)  -> (artifact id: '05634a0298b34166309cf4130a6ec8cb') in 0.060237 seconds 
========================================================================
Received Import Request.
  Time since last request: 0.823187 seconds.
  path: Assets/Distant Lands/Thalassophobia - Low Poly Oceans/Scenes/Terrain/New Terrain 3.asset
  artifactKey: Guid(54c30733cb2c5904c9faa73f26a9a28f) Importer(815301076,1909f56bfc062723c751e8b465ee728b)
Start importing Assets/Distant Lands/Thalassophobia - Low Poly Oceans/Scenes/Terrain/New Terrain 3.asset using Guid(54c30733cb2c5904c9faa73f26a9a28f) Importer(815301076,1909f56bfc062723c751e8b465ee728b)  -> (artifact id: '1bb9b0841e8b064c5b98261485e46ca7') in 0.037774 seconds 
========================================================================
Received Import Request.
  Time since last request: 2.796571 seconds.
  path: Assets/Distant Lands/Thalassophobia - Low Poly Oceans/Scenes/Terrain/Stylized Rock.terrainlayer
  artifactKey: Guid(53a3f74288966e043875b8b215e61bb6) Importer(815301076,1909f56bfc062723c751e8b465ee728b)
Start importing Assets/Distant Lands/Thalassophobia - Low Poly Oceans/Scenes/Terrain/Stylized Rock.terrainlayer using Guid(53a3f74288966e043875b8b215e61bb6) Importer(815301076,1909f56bfc062723c751e8b465ee728b)  -> (artifact id: '65e024cfcf3839cf53f19b3144967c71') in 0.020620 seconds 
========================================================================
Received Import Request.
  Time since last request: 0.000389 seconds.
  path: Assets/Distant Lands/Thalassophobia - Low Poly Oceans/Contents/Materials/Textures/Terrain/Tex4.png
  artifactKey: Guid(ea4a922e694008144b7939f2cb686de4) Importer(815301076,1909f56bfc062723c751e8b465ee728b)
Start importing Assets/Distant Lands/Thalassophobia - Low Poly Oceans/Contents/Materials/Textures/Terrain/Tex4.png using Guid(ea4a922e694008144b7939f2cb686de4) Importer(815301076,1909f56bfc062723c751e8b465ee728b)  -> (artifact id: '3ae6bbc53d65d5c8bc19cac6010b912a') in 0.021428 seconds 
========================================================================
Received Import Request.
  Time since last request: 0.650887 seconds.
  path: Assets/Distant Lands/Thalassophobia - Low Poly Oceans/Scenes/Terrain/Stylized Sand.terrainlayer
  artifactKey: Guid(1fd066424ac50304cbfe5218ea329369) Importer(815301076,1909f56bfc062723c751e8b465ee728b)
Start importing Assets/Distant Lands/Thalassophobia - Low Poly Oceans/Scenes/Terrain/Stylized Sand.terrainlayer using Guid(1fd066424ac50304cbfe5218ea329369) Importer(815301076,1909f56bfc062723c751e8b465ee728b)  -> (artifact id: '7e572acfd974c12a951d6c2056d2f7a8') in 0.016611 seconds 
========================================================================
Received Import Request.
  Time since last request: 0.000491 seconds.
  path: Assets/Distant Lands/Thalassophobia - Low Poly Oceans/Contents/Materials/Textures/Terrain/Tex3.png
  artifactKey: Guid(da7b2a01626e7224d92acb5c2e151193) Importer(815301076,1909f56bfc062723c751e8b465ee728b)
Start importing Assets/Distant Lands/Thalassophobia - Low Poly Oceans/Contents/Materials/Textures/Terrain/Tex3.png using Guid(da7b2a01626e7224d92acb5c2e151193) Importer(815301076,1909f56bfc062723c751e8b465ee728b)  -> (artifact id: '65eb23d7d3387de775f83c06adc9b0b8') in 0.019260 seconds 
========================================================================
Received Import Request.
  Time since last request: 9.292116 seconds.
  path: Assets/Scenes/SampleScene.unity
  artifactKey: Guid(9fc0d4010bbf28b4594072e72b8655ab) Importer(815301076,1909f56bfc062723c751e8b465ee728b)
Start importing Assets/Scenes/SampleScene.unity using Guid(9fc0d4010bbf28b4594072e72b8655ab) Importer(815301076,1909f56bfc062723c751e8b465ee728b)  -> (artifact id: '4b14e5fdc73a14835a1e1e363b89733a') in 0.007228 seconds 
